15:07:37.012 [main] INFO  com.intuit.karate.Runner - using system property 'karate.options': --tags @sanity
15:07:37.286 [main] DEBUG com.intuit.karate.Suite - [config] classpath:karate-config.js
15:07:38.646 [main] INFO  com.intuit.karate - karate.env system property was: null 
15:07:39.222 [main] DEBUG com.intuit.karate - request:
1 > POST https://reqres.in/api/users
1 > Content-Type: application/json; charset=UTF-8
1 > Content-Length: 36
1 > Host: reqres.in
1 > Connection: Keep-Alive
1 > User-Agent: Apache-HttpClient/4.5.14 (Java/17.0.5)
1 > Accept-Encoding: gzip,deflate
{"name":"Kiran","job":"QA Engineer"}

15:07:40.013 [main] DEBUG com.intuit.karate - response time in milliseconds: 787
1 < 201
1 < Date: Thu, 08 Jun 2023 09:38:28 GMT
1 < Content-Type: application/json; charset=utf-8
1 < Content-Length: 86
1 < Connection: keep-alive
1 < X-Powered-By: Express
1 < Access-Control-Allow-Origin: *
1 < Etag: W/"56-9IQAo7BHH1+k3WGJMH/f/a+soyw"
1 < Via: 1.1 vegur
1 < CF-Cache-Status: DYNAMIC
1 < Report-To: {"endpoints":[{"url":"https:\/\/a.nel.cloudflare.com\/report\/v3?s=IcSWo02wFnQT%2FPI72Ei7g5o7MJPZ7BzTulNdArJDObYLVmM%2B6TBende%2BUJEUmmoiQHOXg%2FIeMOHFXYCi1O7naS%2F4hLK%2B9X7DIigKayHIMIkHMsGROPq13TOUbg%3D%3D"}],"group":"cf-nel","max_age":604800}
1 < NEL: {"success_fraction":0,"report_to":"cf-nel","max_age":604800}
1 < Server: cloudflare
1 < CF-RAY: 7d40297e880133b4-DEL
{"name":"Kiran","job":"QA Engineer","id":"366","createdAt":"2023-06-08T09:38:28.626Z"}

15:07:40.021 [main] INFO  com.intuit.karate - [print] {
  "name": "Kiran",
  "job": "QA Engineer",
  "id": "366",
  "createdAt": "2023-06-08T09:38:28.626Z"
}
 
15:07:40.044 [main] INFO  com.intuit.karate - karate.env system property was: null 
15:07:40.050 [main] DEBUG com.intuit.karate - request:
1 > POST https://reqres.in/api/users
1 > Content-Type: application/json; charset=UTF-8
1 > Content-Length: 46
1 > Host: reqres.in
1 > Connection: Keep-Alive
1 > User-Agent: Apache-HttpClient/4.5.14 (Java/17.0.5)
1 > Accept-Encoding: gzip,deflate
{"name":"Jitendra","job":"Senior QA Engineer"}

15:07:40.514 [main] DEBUG com.intuit.karate - response time in milliseconds: 463
1 < 201
1 < Date: Thu, 08 Jun 2023 09:38:29 GMT
1 < Content-Type: application/json; charset=utf-8
1 < Content-Length: 96
1 < Connection: keep-alive
1 < X-Powered-By: Express
1 < Access-Control-Allow-Origin: *
1 < Etag: W/"60-jqwFzk6PJC0vaS8IS5BtRL+/XJs"
1 < Via: 1.1 vegur
1 < CF-Cache-Status: DYNAMIC
1 < Report-To: {"endpoints":[{"url":"https:\/\/a.nel.cloudflare.com\/report\/v3?s=GIm8hzLa%2BcWWVLdybEWyTvmfvuK3hCM0OvAx04CCzE3zQSyxaVUjaG0RKq6NGISYMlyb%2BbAAHOAq9PYydlN%2BIQcinXoBSWDqloNE7rropVDXpFCfnkSOUUT%2BsQ%3D%3D"}],"group":"cf-nel","max_age":604800}
1 < NEL: {"success_fraction":0,"report_to":"cf-nel","max_age":604800}
1 < Server: cloudflare
1 < CF-RAY: 7d4029826eb88fb0-KNU
{"name":"Jitendra","job":"Senior QA Engineer","id":"731","createdAt":"2023-06-08T09:38:29.126Z"}

15:07:40.516 [main] INFO  com.intuit.karate - [print] {
  "name": "Jitendra",
  "job": "Senior QA Engineer",
  "id": "731",
  "createdAt": "2023-06-08T09:38:29.126Z"
}
 
